<?xml version="1.0" encoding="UTF-8"?>
<!-- Generated by org.testng.reporters.JUnitXMLReporter -->
<testsuite ignored="0" hostname="DESKTOP-4KHCBM1" failures="2" tests="2" name="OpenCartTest" time="34.136" errors="0" timestamp="2023-07-14T18:09:54 EDT">
  <testcase classname="testCases.TC_001_AccountRegistrationTest" name="test_account_registration" time="2.758">
    <failure type="java.lang.AssertionError" message="null">
      <![CDATA[java.lang.AssertionError: null
at testCases.TC_001_AccountRegistrationTest.test_account_registration(TC_001_AccountRegistrationTest.java:52)
at java.base/java.util.ArrayList.forEach(ArrayList.java:1511)
... Removed 31 stack frames]]>
    </failure>
  </testcase> <!-- test_account_registration -->
  <testcase classname="testCases.TC_002_LoginTest" name="test_login" time="14.426">
    <failure type="java.lang.AssertionError" message="INvalid login data expected [true] but found [false]">
      <![CDATA[java.lang.AssertionError: INvalid login data expected [true] but found [false]
at testCases.TC_002_LoginTest.test_login(TC_002_LoginTest.java:37)
at java.base/java.util.ArrayList.forEach(ArrayList.java:1511)
... Removed 35 stack frames]]>
    </failure>
  </testcase> <!-- test_login -->
</testsuite> <!-- OpenCartTest -->
